TN:
SF:/home/ludo/code/phaser-es6-webpack/src/main.js
FN:0,_interopRequireDefault
FN:0,_classCallCheck
FN:0,_possibleConstructorReturn
FN:0,_inherits
FN:0,(anonymous_5)
FN:11,Game
FNF:6
FNH:6
FNDA:4,_interopRequireDefault
FNDA:2,_classCallCheck
FNDA:2,_possibleConstructorReturn
FNDA:1,_inherits
FNDA:1,(anonymous_5)
FNDA:2,Game
DA:0,4
DA:1,1
DA:2,1
DA:3,1
DA:5,1
DA:6,1
DA:7,1
DA:9,1
DA:11,1
DA:12,2
DA:13,2
DA:15,2
DA:17,2
DA:18,2
DA:19,2
DA:21,2
DA:26,1
DA:28,1
LF:18
LH:18
BRDA:0,1,0,0
BRDA:0,1,1,4
BRDA:0,2,0,4
BRDA:0,2,1,4
BRDA:0,3,0,0
BRDA:0,3,1,2
BRDA:0,4,0,0
BRDA:0,4,1,2
BRDA:0,5,0,2
BRDA:0,5,1,0
BRDA:0,6,0,2
BRDA:0,6,1,2
BRDA:0,6,2,0
BRDA:0,7,0,0
BRDA:0,7,1,1
BRDA:0,8,0,1
BRDA:0,8,1,0
BRDA:0,9,0,1
BRDA:0,9,1,1
BRDA:0,10,0,1
BRDA:0,10,1,0
BRDA:0,11,0,1
BRDA:0,11,1,0
BRDA:12,12,0,2
BRDA:12,12,1,0
BRDA:13,13,0,0
BRDA:13,13,1,2
BRDA:15,14,0,2
BRDA:15,14,1,0
BRF:29
BRH:26
end_of_record
TN:
SF:/home/ludo/code/phaser-es6-webpack/src/states/Boot.js
FN:0,(anonymous_1)
FN:0,defineProperties
FN:0,(anonymous_3)
FN:0,_interopRequireDefault
FN:0,_classCallCheck
FN:0,_possibleConstructorReturn
FN:0,_inherits
FN:0,(anonymous_8)
FN:0,_class
FN:5,init
FN:11,preload
FN:26,render
FN:32,fontsLoaded
FNF:13
FNH:9
FNDA:1,(anonymous_1)
FNDA:1,defineProperties
FNDA:1,(anonymous_3)
FNDA:2,_interopRequireDefault
FNDA:3,_classCallCheck
FNDA:3,_possibleConstructorReturn
FNDA:1,_inherits
FNDA:1,(anonymous_8)
FNDA:3,_class
FNDA:0,init
FNDA:0,preload
FNDA:0,render
FNDA:0,fontsLoaded
DA:0,4
DA:1,1
DA:2,1
DA:6,0
DA:7,0
DA:8,0
DA:12,0
DA:19,0
DA:20,0
DA:22,0
DA:23,0
DA:27,0
DA:28,0
DA:33,0
LF:14
LH:3
BRDA:0,1,0,4
BRDA:0,1,1,4
BRDA:0,2,0,4
BRDA:0,2,1,0
BRDA:0,3,0,1
BRDA:0,3,1,0
BRDA:0,4,0,0
BRDA:0,4,1,1
BRDA:0,5,0,0
BRDA:0,5,1,2
BRDA:0,6,0,2
BRDA:0,6,1,2
BRDA:0,7,0,0
BRDA:0,7,1,3
BRDA:0,8,0,0
BRDA:0,8,1,3
BRDA:0,9,0,0
BRDA:0,9,1,3
BRDA:0,10,0,3
BRDA:0,10,1,0
BRDA:0,10,2,0
BRDA:0,11,0,0
BRDA:0,11,1,1
BRDA:0,12,0,1
BRDA:0,12,1,0
BRDA:0,13,0,1
BRDA:0,13,1,1
BRDA:0,14,0,1
BRDA:0,14,1,0
BRDA:0,15,0,1
BRDA:0,15,1,0
BRDA:0,16,0,3
BRDA:0,16,1,0
BRDA:27,17,0,0
BRDA:27,17,1,0
BRF:35
BRH:33
end_of_record
TN:
SF:/home/ludo/code/phaser-es6-webpack/src/states/Splash.js
FN:0,(anonymous_1)
FN:0,defineProperties
FN:0,(anonymous_3)
FN:0,_interopRequireDefault
FN:0,_classCallCheck
FN:0,_possibleConstructorReturn
FN:0,_inherits
FN:0,(anonymous_8)
FN:0,_class
FN:5,init
FN:7,preload
FN:19,create
FNF:12
FNH:9
FNDA:1,(anonymous_1)
FNDA:1,defineProperties
FNDA:1,(anonymous_3)
FNDA:1,_interopRequireDefault
FNDA:3,_classCallCheck
FNDA:3,_possibleConstructorReturn
FNDA:1,_inherits
FNDA:1,(anonymous_8)
FNDA:3,_class
FNDA:0,init
FNDA:0,preload
FNDA:0,create
DA:0,3
DA:1,1
DA:2,1
DA:8,0
DA:9,0
DA:10,0
DA:12,0
DA:16,0
DA:20,0
LF:9
LH:3
BRDA:0,1,0,3
BRDA:0,1,1,3
BRDA:0,2,0,3
BRDA:0,2,1,0
BRDA:0,3,0,1
BRDA:0,3,1,0
BRDA:0,4,0,0
BRDA:0,4,1,1
BRDA:0,5,0,0
BRDA:0,5,1,1
BRDA:0,6,0,1
BRDA:0,6,1,1
BRDA:0,7,0,0
BRDA:0,7,1,3
BRDA:0,8,0,0
BRDA:0,8,1,3
BRDA:0,9,0,0
BRDA:0,9,1,3
BRDA:0,10,0,3
BRDA:0,10,1,0
BRDA:0,10,2,0
BRDA:0,11,0,0
BRDA:0,11,1,1
BRDA:0,12,0,1
BRDA:0,12,1,0
BRDA:0,13,0,1
BRDA:0,13,1,1
BRDA:0,14,0,1
BRDA:0,14,1,0
BRDA:0,15,0,1
BRDA:0,15,1,0
BRDA:0,16,0,3
BRDA:0,16,1,0
BRF:33
BRH:33
end_of_record
TN:
SF:/home/ludo/code/phaser-es6-webpack/src/utils.js
FN:1,centerGameObjects
FN:2,(anonymous_2)
FN:7,setResponsiveWidth
FNF:3
FNH:0
FNDA:0,centerGameObjects
FNDA:0,(anonymous_2)
FNDA:0,setResponsiveWidth
DA:0,1
DA:1,1
DA:2,0
DA:3,0
DA:7,1
DA:8,0
DA:9,0
DA:10,0
LF:8
LH:3
BRF:0
BRH:0
end_of_record
TN:
SF:/home/ludo/code/phaser-es6-webpack/src/states/Game.js
FN:0,(anonymous_1)
FN:0,defineProperties
FN:0,(anonymous_3)
FN:0,_interopRequireDefault
FN:0,_classCallCheck
FN:0,_possibleConstructorReturn
FN:1,_inherits
FN:0,(anonymous_8)
FN:0,_class
FN:7,init
FN:8,preload
FN:10,create
FN:29,render
FNF:13
FNH:9
FNDA:1,(anonymous_1)
FNDA:1,defineProperties
FNDA:1,(anonymous_3)
FNDA:2,_interopRequireDefault
FNDA:3,_classCallCheck
FNDA:3,_possibleConstructorReturn
FNDA:1,_inherits
FNDA:1,(anonymous_8)
FNDA:3,_class
FNDA:0,init
FNDA:0,preload
FNDA:0,create
FNDA:0,render
DA:0,4
DA:1,1
DA:2,1
DA:3,1
DA:4,1
DA:11,0
DA:12,0
DA:13,0
DA:14,0
DA:15,0
DA:17,0
DA:25,0
DA:26,0
DA:30,0
DA:31,0
LF:15
LH:5
BRDA:0,1,0,4
BRDA:0,1,1,4
BRDA:0,2,0,4
BRDA:0,2,1,0
BRDA:0,3,0,1
BRDA:0,3,1,0
BRDA:0,4,0,0
BRDA:0,4,1,1
BRDA:0,5,0,0
BRDA:0,5,1,2
BRDA:0,6,0,2
BRDA:0,6,1,2
BRDA:0,7,0,0
BRDA:0,7,1,3
BRDA:0,8,0,0
BRDA:0,8,1,3
BRDA:0,9,0,0
BRDA:0,9,1,3
BRDA:0,10,0,3
BRDA:0,10,1,0
BRDA:0,10,2,0
BRDA:1,11,0,0
BRDA:1,11,1,1
BRDA:1,12,0,1
BRDA:1,12,1,0
BRDA:1,13,0,1
BRDA:1,13,1,1
BRDA:1,14,0,1
BRDA:1,14,1,0
BRDA:1,15,0,1
BRDA:1,15,1,0
BRDA:0,16,0,3
BRDA:0,16,1,0
BRDA:30,17,0,0
BRDA:30,17,1,0
BRF:35
BRH:29
end_of_record
TN:
SF:/home/ludo/code/phaser-es6-webpack/src/sprites/Mushroom.js
FN:0,(anonymous_1)
FN:0,defineProperties
FN:0,(anonymous_3)
FN:0,_interopRequireDefault
FN:0,_classCallCheck
FN:0,_possibleConstructorReturn
FN:0,_inherits
FN:0,(anonymous_8)
FN:5,_class
FN:12,update
FNF:10
FNH:9
FNDA:1,(anonymous_1)
FNDA:1,defineProperties
FNDA:1,(anonymous_3)
FNDA:1,_interopRequireDefault
FNDA:1,_classCallCheck
FNDA:1,_possibleConstructorReturn
FNDA:1,_inherits
FNDA:1,(anonymous_8)
FNDA:1,_class
FNDA:0,update
DA:0,1
DA:1,1
DA:5,1
DA:6,1
DA:8,1
DA:9,1
DA:13,0
LF:7
LH:6
BRDA:0,1,0,1
BRDA:0,1,1,1
BRDA:0,2,0,1
BRDA:0,2,1,0
BRDA:0,3,0,1
BRDA:0,3,1,0
BRDA:0,4,0,0
BRDA:0,4,1,1
BRDA:0,5,0,0
BRDA:0,5,1,1
BRDA:0,6,0,1
BRDA:0,6,1,1
BRDA:0,7,0,0
BRDA:0,7,1,1
BRDA:0,8,0,0
BRDA:0,8,1,1
BRDA:0,9,0,0
BRDA:0,9,1,1
BRDA:0,10,0,1
BRDA:0,10,1,0
BRDA:0,10,2,0
BRDA:0,11,0,0
BRDA:0,11,1,1
BRDA:0,12,0,1
BRDA:0,12,1,0
BRDA:0,13,0,1
BRDA:0,13,1,1
BRDA:0,14,0,1
BRDA:0,14,1,0
BRDA:0,15,0,1
BRDA:0,15,1,0
BRDA:6,16,0,1
BRDA:6,16,1,0
BRF:33
BRH:32
end_of_record
TN:
SF:/home/ludo/code/phaser-es6-webpack/src/gamelife/Board.js
FN:0,(anonymous_1)
FN:0,defineProperties
FN:0,(anonymous_3)
FN:0,_classCallCheck
FN:0,(anonymous_5)
FN:4,_class
FN:12,randomFillIslands
FN:22,createIsland
FNF:8
FNH:8
FNDA:1,(anonymous_1)
FNDA:1,defineProperties
FNDA:1,(anonymous_3)
FNDA:7,_classCallCheck
FNDA:1,(anonymous_5)
FNDA:7,_class
FNDA:1,randomFillIslands
FNDA:30,createIsland
DA:0,7
DA:4,7
DA:5,7
DA:6,7
DA:7,7
DA:8,7
DA:9,7
DA:12,1
DA:13,1
DA:14,30
DA:19,1
DA:22,30
DA:23,30
DA:24,90
DA:25,0
LF:15
LH:14
BRDA:0,1,0,2
BRDA:0,1,1,2
BRDA:0,2,0,2
BRDA:0,2,1,0
BRDA:0,3,0,1
BRDA:0,3,1,0
BRDA:0,4,0,0
BRDA:0,4,1,1
BRDA:0,5,0,0
BRDA:0,5,1,7
BRDA:12,6,0,0
BRDA:12,6,1,1
BRDA:12,7,0,1
BRDA:12,7,1,0
BRF:14
BRH:12
end_of_record
